C:\PROJECTS\MBED_TEST_CS\CANONCAMERAEDSDK\DEBUG\CANONCAMERAEDSDK.PCH
C:\PROJECTS\MBED_TEST_CS\CANONCAMERAEDSDK\DEBUG\STDAFX.OBJ
C:\PROJECTS\MBED_TEST_CS\CANONCAMERAEDSDK\DEBUG\VC110.PDB
C:\PROJECTS\MBED_TEST_CS\CANONCAMERAEDSDK\DEBUG\CANONCAMERAEDSDK.OBJ
C:\PROJECTS\MBED_TEST_CS\CANONCAMERAEDSDK\DEBUG\ASSEMBLYINFO.OBJ
C:\PROJECTS\MBED_TEST_CS\CANONCAMERAEDSDK\DEBUG\.NETFRAMEWORK,VERSION=V4.5.ASSEMBLYATTRIBUTES.OBJ
C:\PROJECTS\MBED_TEST_CS\DEBUG\CANONCAMERAEDSDK.ILK
C:\PROJECTS\MBED_TEST_CS\DEBUG\CANONCAMERAEDSDK.DLL
C:\PROJECTS\MBED_TEST_CS\DEBUG\CANONCAMERAEDSDK.PDB
C:\PROJECTS\MBED_TEST_CS\CANONCAMERAEDSDK\DEBUG\APP.RES
C:\Projects\Github\mbed_test\CanonCameraEDSDK\Debug\CanonCameraEDSDK.vcxprojResolveAssemblyReference.cache
C:\Projects\Github\mbed_test\CanonCameraEDSDK\Debug\.NETFramework,Version=v4.5.AssemblyAttributes.obj
C:\Projects\Github\mbed_test\CanonCameraEDSDK\Debug\AssemblyInfo.obj
C:\Projects\Github\mbed_test\CanonCameraEDSDK\Debug\CanonCameraEDSDK.obj
C:\Projects\Github\mbed_test\CanonCameraEDSDK\Debug\Stdafx.obj
C:\Projects\Github\mbed_test\CanonCameraEDSDK\Debug\cl.command.1.tlog
C:\Projects\Github\mbed_test\CanonCameraEDSDK\Debug\CL.read.1.tlog
C:\Projects\Github\mbed_test\CanonCameraEDSDK\Debug\CL.write.1.tlog
C:\Projects\Github\mbed_test\CanonCameraEDSDK\Debug\link.6396-cvtres.read.1.tlog
C:\Projects\Github\mbed_test\CanonCameraEDSDK\Debug\link.6396-cvtres.write.1.tlog
C:\Projects\Github\mbed_test\CanonCameraEDSDK\Debug\link.6396-rc.read.1.tlog
C:\Projects\Github\mbed_test\CanonCameraEDSDK\Debug\link.6396-rc.write.1.tlog
C:\Projects\Github\mbed_test\CanonCameraEDSDK\Debug\link.6396.read.1.tlog
C:\Projects\Github\mbed_test\CanonCameraEDSDK\Debug\link.6396.write.1.tlog
C:\Projects\Github\mbed_test\CanonCameraEDSDK\Debug\link.command.1.tlog
C:\Projects\Github\mbed_test\CanonCameraEDSDK\Debug\link.read.1.tlog
C:\Projects\Github\mbed_test\CanonCameraEDSDK\Debug\link.write.1.tlog
C:\Projects\Github\mbed_test\CanonCameraEDSDK\Debug\metagen.read.1.tlog
C:\Projects\Github\mbed_test\CanonCameraEDSDK\Debug\metagen.write.1.tlog
C:\Projects\Github\mbed_test\CanonCameraEDSDK\Debug\rc.command.1.tlog
C:\Projects\Github\mbed_test\CanonCameraEDSDK\Debug\rc.read.1.tlog
C:\Projects\Github\mbed_test\CanonCameraEDSDK\Debug\rc.write.1.tlog
C:\Projects\Github\mbed_test\CanonCameraEDSDK\Debug\app.res
C:\Projects\Github\mbed_test\CanonCameraEDSDK\Debug\CanonCameraEDSDK.pch
C:\Projects\Github\mbed_test\CanonCameraEDSDK\Debug\vc110.pdb
C:\Projects\Github\mbed_test\CanonCameraEDSDK\Debug\RSAENH.DLL.bi
C:\Projects\Github\mbed_test\CanonCameraEDSDK\Debug\TZRES.DLL.bi
C:\Projects\Github\mbed_test\Debug\CanonCameraEDSDK.pdb
C:\Projects\Github\mbed_test\Debug\CanonCameraEDSDK.dll
C:\Projects\Github\mbed_test\Debug\CanonCameraEDSDK.ilk
