C:\PROJECTS\GITHUB\MBED_TEST\CANONCAMERAEDSDK\RELEASE\CANONCAMERAEDSDK.PCH
C:\PROJECTS\GITHUB\MBED_TEST\CANONCAMERAEDSDK\RELEASE\STDAFX.OBJ
C:\PROJECTS\GITHUB\MBED_TEST\CANONCAMERAEDSDK\RELEASE\VC110.PDB
C:\PROJECTS\GITHUB\MBED_TEST\CANONCAMERAEDSDK\RELEASE\CANONCAMERAEDSDK.OBJ
C:\PROJECTS\GITHUB\MBED_TEST\CANONCAMERAEDSDK\RELEASE\ASSEMBLYINFO.OBJ
C:\PROJECTS\GITHUB\MBED_TEST\CANONCAMERAEDSDK\RELEASE\.NETFRAMEWORK,VERSION=V4.5.ASSEMBLYATTRIBUTES.OBJ
C:\PROJECTS\GITHUB\MBED_TEST\RELEASE\CANONCAMERAEDSDK.DLL
C:\PROJECTS\GITHUB\MBED_TEST\RELEASE\CANONCAMERAEDSDK.PDB
C:\PROJECTS\GITHUB\MBED_TEST\CANONCAMERAEDSDK\RELEASE\APP.RES
C:\Projects\Github\mbed_test\CanonCameraEDSDK\Release\CanonCameraEDSDK.vcxprojResolveAssemblyReference.cache
C:\Projects\Github\mbed_test\CanonCameraEDSDK\Release\.NETFramework,Version=v4.5.AssemblyAttributes.obj
C:\Projects\Github\mbed_test\CanonCameraEDSDK\Release\AssemblyInfo.obj
C:\Projects\Github\mbed_test\CanonCameraEDSDK\Release\CanonCameraEDSDK.obj
C:\Projects\Github\mbed_test\CanonCameraEDSDK\Release\Stdafx.obj
C:\Projects\Github\mbed_test\CanonCameraEDSDK\Release\cl.command.1.tlog
C:\Projects\Github\mbed_test\CanonCameraEDSDK\Release\CL.read.1.tlog
C:\Projects\Github\mbed_test\CanonCameraEDSDK\Release\CL.write.1.tlog
C:\Projects\Github\mbed_test\CanonCameraEDSDK\Release\link-cvtres.read.1.tlog
C:\Projects\Github\mbed_test\CanonCameraEDSDK\Release\link-cvtres.write.1.tlog
C:\Projects\Github\mbed_test\CanonCameraEDSDK\Release\link-rc.read.1.tlog
C:\Projects\Github\mbed_test\CanonCameraEDSDK\Release\link-rc.write.1.tlog
C:\Projects\Github\mbed_test\CanonCameraEDSDK\Release\link.command.1.tlog
C:\Projects\Github\mbed_test\CanonCameraEDSDK\Release\link.read.1.tlog
C:\Projects\Github\mbed_test\CanonCameraEDSDK\Release\link.write.1.tlog
C:\Projects\Github\mbed_test\CanonCameraEDSDK\Release\metagen.read.1.tlog
C:\Projects\Github\mbed_test\CanonCameraEDSDK\Release\metagen.write.1.tlog
C:\Projects\Github\mbed_test\CanonCameraEDSDK\Release\rc.command.1.tlog
C:\Projects\Github\mbed_test\CanonCameraEDSDK\Release\rc.read.1.tlog
C:\Projects\Github\mbed_test\CanonCameraEDSDK\Release\rc.write.1.tlog
C:\Projects\Github\mbed_test\CanonCameraEDSDK\Release\app.res
C:\Projects\Github\mbed_test\CanonCameraEDSDK\Release\CanonCameraEDSDK.pch
C:\Projects\Github\mbed_test\CanonCameraEDSDK\Release\vc110.pdb
C:\Projects\Github\mbed_test\CanonCameraEDSDK\Release\RSAENH.DLL.bi
C:\Projects\Github\mbed_test\CanonCameraEDSDK\Release\TZRES.DLL.bi
C:\Projects\Github\mbed_test\Release\CanonCameraEDSDK.pdb
C:\Projects\Github\mbed_test\Release\CanonCameraEDSDK.dll
